# JRE version: Java(TM) SE Runtime Environment (8.0_151-b12) (build 1.8.0_151-b12)
# Java VM: Java HotSpot(TM) 64-Bit Server VM (25.151-b12 mixed mode linux-amd64 compressed oops)
Heap:
 PSYoungGen      total 297984K, used 111535K [0x00000000eab00000, 0x00000000fdc80000, 0x0000000100000000)
  eden space 284160K, 39% used [0x00000000eab00000,0x00000000f17ebc68,0x00000000fc080000)
  from space 13824K, 0% used [0x00000000fcf00000,0x00000000fcf00000,0x00000000fdc80000)
  to   space 14336K, 0% used [0x00000000fc080000,0x00000000fc080000,0x00000000fce80000)
 ParOldGen       total 257536K, used 138435K [0x00000000c0000000, 0x00000000cfb80000, 0x00000000eab00000)
  object space 257536K, 53% used [0x00000000c0000000,0x00000000c8730eb0,0x00000000cfb80000)
 Metaspace       used 84810K, capacity 85432K, committed 86872K, reserved 1124352K
  class space    used 12213K, capacity 12377K, committed 12672K, reserved 1048576K
GC Heap History (10 events):
Event: 228.574 GC heap before
{Heap before GC invocations=16 (full 3):
 PSYoungGen      total 209408K, used 209381K [0x00000000eab00000, 0x00000000f8b00000, 0x0000000100000000)
  eden space 198144K, 100% used [0x00000000eab00000,0x00000000f6c80000,0x00000000f6c80000)
  from space 11264K, 99% used [0x00000000f7a00000,0x00000000f84f96d8,0x00000000f8500000)
  to   space 13824K, 0% used [0x00000000f6c80000,0x00000000f6c80000,0x00000000f7a00000)
 ParOldGen       total 257536K, used 120919K [0x00000000c0000000, 0x00000000cfb80000, 0x00000000eab00000)
  object space 257536K, 46% used [0x00000000c0000000,0x00000000c7615fe8,0x00000000cfb80000)
 Metaspace       used 74972K, capacity 75774K, committed 75992K, reserved 1114112K
  class space    used 10940K, capacity 11174K, committed 11264K, reserved 1048576K
Event: 228.598 GC heap after
Heap after GC invocations=16 (full 3):
 PSYoungGen      total 211968K, used 7590K [0x00000000eab00000, 0x00000000fb880000, 0x0000000100000000)
  eden space 198144K, 0% used [0x00000000eab00000,0x00000000eab00000,0x00000000f6c80000)
  from space 13824K, 54% used [0x00000000f6c80000,0x00000000f73e9b58,0x00000000f7a00000)
  to   space 13312K, 0% used [0x00000000fab80000,0x00000000fab80000,0x00000000fb880000)
 ParOldGen       total 257536K, used 141802K [0x00000000c0000000, 0x00000000cfb80000, 0x00000000eab00000)
  object space 257536K, 55% used [0x00000000c0000000,0x00000000c8a7a8d8,0x00000000cfb80000)
 Metaspace       used 74972K, capacity 75774K, committed 75992K, reserved 1114112K
  class space    used 10940K, capacity 11174K, committed 11264K, reserved 1048576K
}
Event: 442.529 GC heap before
{Heap before GC invocations=17 (full 3):
 PSYoungGen      total 211968K, used 205734K [0x00000000eab00000, 0x00000000fb880000, 0x0000000100000000)
  eden space 198144K, 100% used [0x00000000eab00000,0x00000000f6c80000,0x00000000f6c80000)
  from space 13824K, 54% used [0x00000000f6c80000,0x00000000f73e9b58,0x00000000f7a00000)
  to   space 13312K, 0% used [0x00000000fab80000,0x00000000fab80000,0x00000000fb880000)
 ParOldGen       total 257536K, used 141802K [0x00000000c0000000, 0x00000000cfb80000, 0x00000000eab00000)
  object space 257536K, 55% used [0x00000000c0000000,0x00000000c8a7a8d8,0x00000000cfb80000)
 Metaspace       used 79799K, capacity 80716K, committed 80984K, reserved 1118208K
  class space    used 11623K, capacity 11866K, committed 11904K, reserved 1048576K
Event: 442.543 GC heap after
Heap after GC invocations=17 (full 3):
 PSYoungGen      total 251392K, used 9980K [0x00000000eab00000, 0x00000000fb580000, 0x0000000100000000)
  eden space 241152K, 0% used [0x00000000eab00000,0x00000000eab00000,0x00000000f9680000)
  from space 10240K, 97% used [0x00000000fab80000,0x00000000fb53f1e8,0x00000000fb580000)
  to   space 13824K, 0% used [0x00000000f9a80000,0x00000000f9a80000,0x00000000fa800000)
 ParOldGen       total 257536K, used 141810K [0x00000000c0000000, 0x00000000cfb80000, 0x00000000eab00000)
  object space 257536K, 55% used [0x00000000c0000000,0x00000000c8a7c8d8,0x00000000cfb80000)
 Metaspace       used 79799K, capacity 80716K, committed 80984K, reserved 1118208K
  class space    used 11623K, capacity 11866K, committed 11904K, reserved 1048576K
}
Event: 1045.057 GC heap before
{Heap before GC invocations=18 (full 3):
 PSYoungGen      total 251392K, used 251132K [0x00000000eab00000, 0x00000000fb580000, 0x0000000100000000)
  eden space 241152K, 100% used [0x00000000eab00000,0x00000000f9680000,0x00000000f9680000)
  from space 10240K, 97% used [0x00000000fab80000,0x00000000fb53f1e8,0x00000000fb580000)
  to   space 13824K, 0% used [0x00000000f9a80000,0x00000000f9a80000,0x00000000fa800000)
 ParOldGen       total 257536K, used 141810K [0x00000000c0000000, 0x00000000cfb80000, 0x00000000eab00000)
  object space 257536K, 55% used [0x00000000c0000000,0x00000000c8a7c8d8,0x00000000cfb80000)
 Metaspace       used 84691K, capacity 85736K, committed 85976K, reserved 1122304K
  class space    used 12257K, capacity 12517K, committed 12544K, reserved 1048576K
Event: 1045.082 GC heap after
Heap after GC invocations=18 (full 3):
 PSYoungGen      total 259072K, used 12662K [0x00000000eab00000, 0x00000000fdd80000, 0x0000000100000000)
  eden space 245248K, 0% used [0x00000000eab00000,0x00000000eab00000,0x00000000f9a80000)
  from space 13824K, 91% used [0x00000000f9a80000,0x00000000fa6ddbe8,0x00000000fa800000)
  to   space 14848K, 0% used [0x00000000fcf00000,0x00000000fcf00000,0x00000000fdd80000)
 ParOldGen       total 257536K, used 141826K [0x00000000c0000000, 0x00000000cfb80000, 0x00000000eab00000)
  object space 257536K, 55% used [0x00000000c0000000,0x00000000c8a808d8,0x00000000cfb80000)
 Metaspace       used 84691K, capacity 85736K, committed 85976K, reserved 1122304K
  class space    used 12257K, capacity 12517K, committed 12544K, reserved 1048576K
}
Event: 1803.629 GC heap before
{Heap before GC invocations=19 (full 3):
 PSYoungGen      total 259072K, used 119373K [0x00000000eab00000, 0x00000000fdd80000, 0x0000000100000000)
  eden space 245248K, 43% used [0x00000000eab00000,0x00000000f1335920,0x00000000f9a80000)
  from space 13824K, 91% used [0x00000000f9a80000,0x00000000fa6ddbe8,0x00000000fa800000)
  to   space 14848K, 0% used [0x00000000fcf00000,0x00000000fcf00000,0x00000000fdd80000)
 ParOldGen       total 257536K, used 141826K [0x00000000c0000000, 0x00000000cfb80000, 0x00000000eab00000)
  object space 257536K, 55% used [0x00000000c0000000,0x00000000c8a808d8,0x00000000cfb80000)
 Metaspace       used 85284K, capacity 86312K, committed 86616K, reserved 1124352K
  class space    used 12326K, capacity 12581K, committed 12672K, reserved 1048576K
Event: 1803.647 GC heap after
Heap after GC invocations=19 (full 3):
 PSYoungGen      total 297984K, used 8215K [0x00000000eab00000, 0x00000000fdc80000, 0x0000000100000000)
  eden space 284160K, 0% used [0x00000000eab00000,0x00000000eab00000,0x00000000fc080000)
  from space 13824K, 59% used [0x00000000fcf00000,0x00000000fd705e08,0x00000000fdc80000)
  to   space 14336K, 0% used [0x00000000fc080000,0x00000000fc080000,0x00000000fce80000)
 ParOldGen       total 257536K, used 141842K [0x00000000c0000000, 0x00000000cfb80000, 0x00000000eab00000)
  object space 257536K, 55% used [0x00000000c0000000,0x00000000c8a84828,0x00000000cfb80000)
 Metaspace       used 85284K, capacity 86312K, committed 86616K, reserved 1124352K
  class space    used 12326K, capacity 12581K, committed 12672K, reserved 1048576K
}
Event: 1803.647 GC heap before
{Heap before GC invocations=20 (full 4):
 PSYoungGen      total 297984K, used 8215K [0x00000000eab00000, 0x00000000fdc80000, 0x0000000100000000)
  eden space 284160K, 0% used [0x00000000eab00000,0x00000000eab00000,0x00000000fc080000)
  from space 13824K, 59% used [0x00000000fcf00000,0x00000000fd705e08,0x00000000fdc80000)
  to   space 14336K, 0% used [0x00000000fc080000,0x00000000fc080000,0x00000000fce80000)
 ParOldGen       total 257536K, used 141842K [0x00000000c0000000, 0x00000000cfb80000, 0x00000000eab00000)
  object space 257536K, 55% used [0x00000000c0000000,0x00000000c8a84828,0x00000000cfb80000)
 Metaspace       used 85284K, capacity 86312K, committed 86616K, reserved 1124352K
  class space    used 12326K, capacity 12581K, committed 12672K, reserved 1048576K
Event: 1803.771 GC heap after
Heap after GC invocations=20 (full 4):
 PSYoungGen      total 297984K, used 0K [0x00000000eab00000, 0x00000000fdc80000, 0x0000000100000000)
  eden space 284160K, 0% used [0x00000000eab00000,0x00000000eab00000,0x00000000fc080000)
  from space 13824K, 0% used [0x00000000fcf00000,0x00000000fcf00000,0x00000000fdc80000)
  to   space 14336K, 0% used [0x00000000fc080000,0x00000000fc080000,0x00000000fce80000)
 ParOldGen       total 257536K, used 138435K [0x00000000c0000000, 0x00000000cfb80000, 0x00000000eab00000)
  object space 257536K, 53% used [0x00000000c0000000,0x00000000c8730eb0,0x00000000cfb80000)
 Metaspace       used 84453K, capacity 84980K, committed 86616K, reserved 1124352K
  class space    used 12201K, capacity 12355K, committed 12672K, reserved 1048576K
}

